Release 14.5 - xst P.58f (lin)
Copyright (c) 1995-2012 Xilinx, Inc.  All rights reserved.
--> 
Parameter TMPDIR set to xst/projnav.tmp


Total REAL time to Xst completion: 0.00 secs
Total CPU time to Xst completion: 0.14 secs
 
--> 
Parameter xsthdpdir set to xst


Total REAL time to Xst completion: 0.00 secs
Total CPU time to Xst completion: 0.15 secs
 
--> 
Reading design: counterLED.prj

TABLE OF CONTENTS
  1) Synthesis Options Summary
  2) HDL Compilation
  3) Design Hierarchy Analysis
  4) HDL Analysis
  5) HDL Synthesis
     5.1) HDL Synthesis Report
  6) Advanced HDL Synthesis
     6.1) Advanced HDL Synthesis Report
  7) Low Level Synthesis
  8) Partition Report
  9) Final Report
	9.1) Device utilization summary
	9.2) Partition Resource Summary
	9.3) TIMING REPORT


=========================================================================
*                      Synthesis Options Summary                        *
=========================================================================
---- Source Parameters
Input File Name                    : "counterLED.prj"
Input Format                       : mixed
Ignore Synthesis Constraint File   : NO

---- Target Parameters
Output File Name                   : "counterLED"
Output Format                      : NGC
Target Device                      : xc3s250e-4-cp132

---- Source Options
Top Module Name                    : counterLED
Automatic FSM Extraction           : YES
FSM Encoding Algorithm             : Auto
Safe Implementation                : No
FSM Style                          : LUT
RAM Extraction                     : Yes
RAM Style                          : Auto
ROM Extraction                     : Yes
Mux Style                          : Auto
Decoder Extraction                 : YES
Priority Encoder Extraction        : Yes
Shift Register Extraction          : YES
Logical Shifter Extraction         : YES
XOR Collapsing                     : YES
ROM Style                          : Auto
Mux Extraction                     : Yes
Resource Sharing                   : YES
Asynchronous To Synchronous        : NO
Multiplier Style                   : Auto
Automatic Register Balancing       : No

---- Target Options
Add IO Buffers                     : YES
Global Maximum Fanout              : 100000
Add Generic Clock Buffer(BUFG)     : 24
Register Duplication               : YES
Slice Packing                      : YES
Optimize Instantiated Primitives   : NO
Use Clock Enable                   : Yes
Use Synchronous Set                : Yes
Use Synchronous Reset              : Yes
Pack IO Registers into IOBs        : Auto
Equivalent register Removal        : YES

---- General Options
Optimization Goal                  : Speed
Optimization Effort                : 1
Keep Hierarchy                     : No
Netlist Hierarchy                  : As_Optimized
RTL Output                         : Yes
Global Optimization                : AllClockNets
Read Cores                         : YES
Write Timing Constraints           : NO
Cross Clock Analysis               : NO
Hierarchy Separator                : /
Bus Delimiter                      : <>
Case Specifier                     : Maintain
Slice Utilization Ratio            : 100
BRAM Utilization Ratio             : 100
Verilog 2001                       : YES
Auto BRAM Packing                  : NO
Slice Utilization Ratio Delta      : 5

=========================================================================


=========================================================================
*                          HDL Compilation                              *
=========================================================================
WARNING:HDLParsers:3607 - Unit work/counterLED is now defined in a different file.  It was defined in "/home/hendri/Documents/workspaceXilinxBasys2/P4_CounterledHDL/counter.vhd", and is now defined in "/home/hendri/Documents/workspaceXilinxBasys2/P05_CounterledHDL/counter.vhd".
WARNING:HDLParsers:3607 - Unit work/counterLED/Behavioral is now defined in a different file.  It was defined in "/home/hendri/Documents/workspaceXilinxBasys2/P4_CounterledHDL/counter.vhd", and is now defined in "/home/hendri/Documents/workspaceXilinxBasys2/P05_CounterledHDL/counter.vhd".
Compiling vhdl file "/home/hendri/Documents/workspaceXilinxBasys2/P05_CounterledHDL/counter.vhd" in Library work.
Architecture behavioral of Entity counterled is up to date.

=========================================================================
*                     Design Hierarchy Analysis                         *
=========================================================================
Analyzing hierarchy for entity <counterLED> in library <work> (architecture <behavioral>).


=========================================================================
*                            HDL Analysis                               *
=========================================================================
Analyzing Entity <counterLED> in library <work> (Architecture <behavioral>).
Entity <counterLED> analyzed. Unit <counterLED> generated.


=========================================================================
*                           HDL Synthesis                               *
=========================================================================

Performing bidirectional port resolution...

Synthesizing Unit <counterLED>.
    Related source file is "/home/hendri/Documents/workspaceXilinxBasys2/P05_CounterledHDL/counter.vhd".
    Found 26-bit up counter for signal <prescaller>.
    Found 8-bit up counter for signal <s_counter>.
    Found 1-bit register for signal <s_inv>.
    Found 26-bit comparator less for signal <s_inv$cmp_lt0000> created at line 35.
    Summary:
	inferred   2 Counter(s).
	inferred   1 D-type flip-flop(s).
	inferred   1 Comparator(s).
Unit <counterLED> synthesized.


=========================================================================
HDL Synthesis Report

Macro Statistics
# Counters                                             : 2
 26-bit up counter                                     : 1
 8-bit up counter                                      : 1
# Registers                                            : 1
 1-bit register                                        : 1
# Comparators                                          : 1
 26-bit comparator less                                : 1

=========================================================================

=========================================================================
*                       Advanced HDL Synthesis                          *
=========================================================================


=========================================================================
Advanced HDL Synthesis Report

Macro Statistics
# Counters                                             : 2
 26-bit up counter                                     : 1
 8-bit up counter                                      : 1
# Registers                                            : 1
 Flip-Flops                                            : 1
# Comparators                                          : 1
 26-bit comparator less                                : 1

=========================================================================

=========================================================================
*                         Low Level Synthesis                           *
=========================================================================

Optimizing unit <counterLED> ...

Mapping all equations...
Building and optimizing final netlist ...
Found area constraint ratio of 100 (+ 5) on block counterLED, actual ratio is 1.

Final Macro Processing ...

=========================================================================
Final Register Report

Macro Statistics
# Registers                                            : 35
 Flip-Flops                                            : 35

=========================================================================

=========================================================================
*                           Partition Report                            *
=========================================================================

Partition Implementation Status
-------------------------------

  No Partitions were found in this design.

-------------------------------

=========================================================================
*                            Final Report                               *
=========================================================================
Final Results
RTL Top Level Output File Name     : counterLED.ngr
Top Level Output File Name         : counterLED
Output Format                      : NGC
Optimization Goal                  : Speed
Keep Hierarchy                     : No

Design Statistics
# IOs                              : 10

Cell Usage :
# BELS                             : 125
#      GND                         : 1
#      INV                         : 7
#      LUT1                        : 36
#      LUT4                        : 3
#      MUXCY                       : 43
#      VCC                         : 1
#      XORCY                       : 34
# FlipFlops/Latches                : 35
#      FDE                         : 9
#      FDR                         : 26
# Clock Buffers                    : 1
#      BUFGP                       : 1
# IO Buffers                       : 9
#      OBUF                        : 9
=========================================================================

Device utilization summary:
---------------------------

Selected Device : 3s250ecp132-4 

 Number of Slices:                       24  out of   2448     0%  
 Number of Slice Flip Flops:             35  out of   4896     0%  
 Number of 4 input LUTs:                 46  out of   4896     0%  
 Number of IOs:                          10
 Number of bonded IOBs:                  10  out of     92    10%  
 Number of GCLKs:                         1  out of     24     4%  

---------------------------
Partition Resource Summary:
---------------------------

  No Partitions were found in this design.

---------------------------


=========================================================================
TIMING REPORT

NOTE: THESE TIMING NUMBERS ARE ONLY A SYNTHESIS ESTIMATE.
      FOR ACCURATE TIMING INFORMATION PLEASE REFER TO THE TRACE REPORT
      GENERATED AFTER PLACE-and-ROUTE.

Clock Information:
------------------
-----------------------------------+------------------------+-------+
Clock Signal                       | Clock buffer(FF name)  | Load  |
-----------------------------------+------------------------+-------+
clk_in                             | BUFGP                  | 35    |
-----------------------------------+------------------------+-------+

Asynchronous Control Signals Information:
----------------------------------------
No asynchronous control signals found in this design

Timing Summary:
---------------
Speed Grade: -4

   Minimum period: 5.417ns (Maximum Frequency: 184.599MHz)
   Minimum input arrival time before clock: No path found
   Maximum output required time after clock: 4.310ns
   Maximum combinational path delay: No path found

Timing Detail:
--------------
All values displayed in nanoseconds (ns)

=========================================================================
Timing constraint: Default period analysis for Clock 'clk_in'
  Clock period: 5.417ns (frequency: 184.599MHz)
  Total number of paths / destination ports: 1088 / 70
-------------------------------------------------------------------------
Delay:               5.417ns (Levels of Logic = 12)
  Source:            prescaller_6 (FF)
  Destination:       prescaller_0 (FF)
  Source Clock:      clk_in rising
  Destination Clock: clk_in rising

  Data Path: prescaller_6 to prescaller_0
                                Gate     Net
    Cell:in->out      fanout   Delay   Delay  Logical Name (Net Name)
    ----------------------------------------  ------------
     FDR:C->Q              2   0.591   0.622  prescaller_6 (prescaller_6)
     LUT1:I0->O            1   0.704   0.000  Mcompar_s_inv_cmp_lt0000_cy<0>_rt (Mcompar_s_inv_cmp_lt0000_cy<0>_rt)
     MUXCY:S->O            1   0.464   0.000  Mcompar_s_inv_cmp_lt0000_cy<0> (Mcompar_s_inv_cmp_lt0000_cy<0>)
     MUXCY:CI->O           1   0.059   0.000  Mcompar_s_inv_cmp_lt0000_cy<1> (Mcompar_s_inv_cmp_lt0000_cy<1>)
     MUXCY:CI->O           1   0.059   0.000  Mcompar_s_inv_cmp_lt0000_cy<2> (Mcompar_s_inv_cmp_lt0000_cy<2>)
     MUXCY:CI->O           1   0.059   0.000  Mcompar_s_inv_cmp_lt0000_cy<3> (Mcompar_s_inv_cmp_lt0000_cy<3>)
     MUXCY:CI->O           1   0.059   0.000  Mcompar_s_inv_cmp_lt0000_cy<4> (Mcompar_s_inv_cmp_lt0000_cy<4>)
     MUXCY:CI->O           1   0.059   0.000  Mcompar_s_inv_cmp_lt0000_cy<5> (Mcompar_s_inv_cmp_lt0000_cy<5>)
     MUXCY:CI->O           1   0.059   0.000  Mcompar_s_inv_cmp_lt0000_cy<6> (Mcompar_s_inv_cmp_lt0000_cy<6>)
     MUXCY:CI->O           1   0.059   0.000  Mcompar_s_inv_cmp_lt0000_cy<7> (Mcompar_s_inv_cmp_lt0000_cy<7>)
     MUXCY:CI->O           1   0.059   0.000  Mcompar_s_inv_cmp_lt0000_cy<8> (Mcompar_s_inv_cmp_lt0000_cy<8>)
     MUXCY:CI->O           1   0.059   0.000  Mcompar_s_inv_cmp_lt0000_cy<9> (Mcompar_s_inv_cmp_lt0000_cy<9>)
     MUXCY:CI->O          35   0.331   1.263  Mcompar_s_inv_cmp_lt0000_cy<10> (Mcompar_s_inv_cmp_lt0000_cy<10>)
     FDR:R                     0.911          prescaller_0
    ----------------------------------------
    Total                      5.417ns (3.532ns logic, 1.885ns route)
                                       (65.2% logic, 34.8% route)

=========================================================================
Timing constraint: Default OFFSET OUT AFTER for Clock 'clk_in'
  Total number of paths / destination ports: 9 / 9
-------------------------------------------------------------------------
Offset:              4.310ns (Levels of Logic = 1)
  Source:            s_inv (FF)
  Destination:       clk_out (PAD)
  Source Clock:      clk_in rising

  Data Path: s_inv to clk_out
                                Gate     Net
    Cell:in->out      fanout   Delay   Delay  Logical Name (Net Name)
    ----------------------------------------  ------------
     FDE:C->Q              2   0.591   0.447  s_inv (s_inv)
     OBUF:I->O                 3.272          clk_out_OBUF (clk_out)
    ----------------------------------------
    Total                      4.310ns (3.863ns logic, 0.447ns route)
                                       (89.6% logic, 10.4% route)

=========================================================================


Total REAL time to Xst completion: 13.00 secs
Total CPU time to Xst completion: 10.27 secs
 
--> 


Total memory usage is 166560 kilobytes

Number of errors   :    0 (   0 filtered)
Number of warnings :    2 (   0 filtered)
Number of infos    :    0 (   0 filtered)

