Release 14.5 - xst P.58f (lin)
Copyright (c) 1995-2012 Xilinx, Inc.  All rights reserved.
--> 
Parameter TMPDIR set to xst/projnav.tmp


Total REAL time to Xst completion: 0.00 secs
Total CPU time to Xst completion: 0.05 secs
 
--> 
Parameter xsthdpdir set to xst


Total REAL time to Xst completion: 0.00 secs
Total CPU time to Xst completion: 0.05 secs
 
--> 
Reading design: ROM.prj

TABLE OF CONTENTS
  1) Synthesis Options Summary
  2) HDL Compilation
  3) Design Hierarchy Analysis
  4) HDL Analysis
  5) HDL Synthesis
     5.1) HDL Synthesis Report
  6) Advanced HDL Synthesis
     6.1) Advanced HDL Synthesis Report
  7) Low Level Synthesis
  8) Partition Report
  9) Final Report
	9.1) Device utilization summary
	9.2) Partition Resource Summary
	9.3) TIMING REPORT


=========================================================================
*                      Synthesis Options Summary                        *
=========================================================================
---- Source Parameters
Input File Name                    : "ROM.prj"
Input Format                       : mixed
Ignore Synthesis Constraint File   : NO

---- Target Parameters
Output File Name                   : "ROM"
Output Format                      : NGC
Target Device                      : xc3s250e-4-cp132

---- Source Options
Top Module Name                    : ROM
Automatic FSM Extraction           : YES
FSM Encoding Algorithm             : Auto
Safe Implementation                : No
FSM Style                          : LUT
RAM Extraction                     : Yes
RAM Style                          : Auto
ROM Extraction                     : Yes
Mux Style                          : Auto
Decoder Extraction                 : YES
Priority Encoder Extraction        : Yes
Shift Register Extraction          : YES
Logical Shifter Extraction         : YES
XOR Collapsing                     : YES
ROM Style                          : Auto
Mux Extraction                     : Yes
Resource Sharing                   : YES
Asynchronous To Synchronous        : NO
Multiplier Style                   : Auto
Automatic Register Balancing       : No

---- Target Options
Add IO Buffers                     : YES
Global Maximum Fanout              : 100000
Add Generic Clock Buffer(BUFG)     : 24
Register Duplication               : YES
Slice Packing                      : YES
Optimize Instantiated Primitives   : NO
Use Clock Enable                   : Yes
Use Synchronous Set                : Yes
Use Synchronous Reset              : Yes
Pack IO Registers into IOBs        : Auto
Equivalent register Removal        : YES

---- General Options
Optimization Goal                  : Speed
Optimization Effort                : 1
Keep Hierarchy                     : No
Netlist Hierarchy                  : As_Optimized
RTL Output                         : Yes
Global Optimization                : AllClockNets
Read Cores                         : YES
Write Timing Constraints           : NO
Cross Clock Analysis               : NO
Hierarchy Separator                : /
Bus Delimiter                      : <>
Case Specifier                     : Maintain
Slice Utilization Ratio            : 100
BRAM Utilization Ratio             : 100
Verilog 2001                       : YES
Auto BRAM Packing                  : NO
Slice Utilization Ratio Delta      : 5

=========================================================================


=========================================================================
*                          HDL Compilation                              *
=========================================================================
Compiling vhdl file "/home/hendri/Documents/workspaceXilinxBasys2/P11-LCDROM/LCD.vhd" in Library work.
Entity <rom> compiled.
Entity <rom> (Architecture <behavioral>) compiled.

=========================================================================
*                     Design Hierarchy Analysis                         *
=========================================================================
Analyzing hierarchy for entity <ROM> in library <work> (architecture <behavioral>).


=========================================================================
*                            HDL Analysis                               *
=========================================================================
Analyzing Entity <ROM> in library <work> (Architecture <behavioral>).
Entity <ROM> analyzed. Unit <ROM> generated.


=========================================================================
*                           HDL Synthesis                               *
=========================================================================

Performing bidirectional port resolution...

Synthesizing Unit <ROM>.
    Related source file is "/home/hendri/Documents/workspaceXilinxBasys2/P11-LCDROM/LCD.vhd".
    Found 32x8-bit ROM for signal <dataOut$mux0002>.
    Found 8-bit register for signal <dataOut>.
    Found 1-bit register for signal <Rs>.
    Found 1-bit register for signal <En>.
    Found 32-bit up counter for signal <cntOut>.
    Found 20-bit up counter for signal <prescaller>.
    Found 20-bit comparator less for signal <prescaller$cmp_lt0000> created at line 31.
    Found 1-bit register for signal <pscOut>.
    Summary:
	inferred   1 ROM(s).
	inferred   2 Counter(s).
	inferred  11 D-type flip-flop(s).
	inferred   1 Comparator(s).
Unit <ROM> synthesized.


=========================================================================
HDL Synthesis Report

Macro Statistics
# ROMs                                                 : 1
 32x8-bit ROM                                          : 1
# Counters                                             : 2
 20-bit up counter                                     : 1
 32-bit up counter                                     : 1
# Registers                                            : 4
 1-bit register                                        : 3
 8-bit register                                        : 1
# Comparators                                          : 1
 20-bit comparator less                                : 1

=========================================================================

=========================================================================
*                       Advanced HDL Synthesis                          *
=========================================================================


Synthesizing (advanced) Unit <ROM>.
INFO:Xst:3034 - In order to maximize performance and save block RAM resources, the small ROM <Mrom_dataOut_mux0002> will be implemented on LUT. If you want to force its implementation on block, use option/constraint rom_style.
Unit <ROM> synthesized (advanced).

=========================================================================
Advanced HDL Synthesis Report

Macro Statistics
# ROMs                                                 : 1
 32x8-bit ROM                                          : 1
# Counters                                             : 2
 20-bit up counter                                     : 1
 32-bit up counter                                     : 1
# Registers                                            : 11
 Flip-Flops                                            : 11
# Comparators                                          : 1
 20-bit comparator less                                : 1

=========================================================================

=========================================================================
*                         Low Level Synthesis                           *
=========================================================================
WARNING:Xst:1710 - FF/Latch <dataOut_7> (without init value) has a constant value of 0 in block <ROM>. This FF/Latch will be trimmed during the optimization process.
INFO:Xst:2261 - The FF/Latch <dataOut_4> in Unit <ROM> is equivalent to the following FF/Latch, which will be removed : <dataOut_5> 

Optimizing unit <ROM> ...

Mapping all equations...
Building and optimizing final netlist ...
Found area constraint ratio of 100 (+ 5) on block ROM, actual ratio is 2.

Final Macro Processing ...

=========================================================================
Final Register Report

Macro Statistics
# Registers                                            : 61
 Flip-Flops                                            : 61

=========================================================================

=========================================================================
*                           Partition Report                            *
=========================================================================

Partition Implementation Status
-------------------------------

  No Partitions were found in this design.

-------------------------------

=========================================================================
*                            Final Report                               *
=========================================================================
Final Results
RTL Top Level Output File Name     : ROM.ngr
Top Level Output File Name         : ROM
Output Format                      : NGC
Optimization Goal                  : Speed
Keep Hierarchy                     : No

Design Statistics
# IOs                              : 12

Cell Usage :
# BELS                             : 228
#      GND                         : 1
#      INV                         : 5
#      LUT1                        : 54
#      LUT2                        : 6
#      LUT2_D                      : 2
#      LUT2_L                      : 3
#      LUT3                        : 2
#      LUT4                        : 26
#      LUT4_L                      : 2
#      MUXCY                       : 73
#      MUXF5                       : 1
#      VCC                         : 1
#      XORCY                       : 52
# FlipFlops/Latches                : 61
#      FD                          : 1
#      FDE                         : 1
#      FDR                         : 23
#      FDRE                        : 32
#      FDRS                        : 3
#      FDS                         : 1
# Clock Buffers                    : 2
#      BUFG                        : 1
#      BUFGP                       : 1
# IO Buffers                       : 11
#      IBUF                        : 1
#      OBUF                        : 10
=========================================================================

Device utilization summary:
---------------------------

Selected Device : 3s250ecp132-4 

 Number of Slices:                       49  out of   2448     2%  
 Number of Slice Flip Flops:             61  out of   4896     1%  
 Number of 4 input LUTs:                100  out of   4896     2%  
 Number of IOs:                          12
 Number of bonded IOBs:                  12  out of     92    13%  
 Number of GCLKs:                         2  out of     24     8%  

---------------------------
Partition Resource Summary:
---------------------------

  No Partitions were found in this design.

---------------------------


=========================================================================
TIMING REPORT

NOTE: THESE TIMING NUMBERS ARE ONLY A SYNTHESIS ESTIMATE.
      FOR ACCURATE TIMING INFORMATION PLEASE REFER TO THE TRACE REPORT
      GENERATED AFTER PLACE-and-ROUTE.

Clock Information:
------------------
-----------------------------------+------------------------+-------+
Clock Signal                       | Clock buffer(FF name)  | Load  |
-----------------------------------+------------------------+-------+
clk                                | BUFGP                  | 21    |
pscOut                             | BUFG                   | 40    |
-----------------------------------+------------------------+-------+

Asynchronous Control Signals Information:
----------------------------------------
No asynchronous control signals found in this design

Timing Summary:
---------------
Speed Grade: -4

   Minimum period: 6.090ns (Maximum Frequency: 164.204MHz)
   Minimum input arrival time before clock: 4.515ns
   Maximum output required time after clock: 4.450ns
   Maximum combinational path delay: No path found

Timing Detail:
--------------
All values displayed in nanoseconds (ns)

=========================================================================
Timing constraint: Default period analysis for Clock 'clk'
  Clock period: 5.105ns (frequency: 195.886MHz)
  Total number of paths / destination ports: 505 / 42
-------------------------------------------------------------------------
Delay:               5.105ns (Levels of Logic = 9)
  Source:            prescaller_6 (FF)
  Destination:       prescaller_0 (FF)
  Source Clock:      clk rising
  Destination Clock: clk rising

  Data Path: prescaller_6 to prescaller_0
                                Gate     Net
    Cell:in->out      fanout   Delay   Delay  Logical Name (Net Name)
    ----------------------------------------  ------------
     FDR:C->Q              2   0.591   0.622  prescaller_6 (prescaller_6)
     LUT4:I0->O            1   0.704   0.000  Mcompar_prescaller_cmp_lt0000_lut<0> (Mcompar_prescaller_cmp_lt0000_lut<0>)
     MUXCY:S->O            1   0.464   0.000  Mcompar_prescaller_cmp_lt0000_cy<0> (Mcompar_prescaller_cmp_lt0000_cy<0>)
     MUXCY:CI->O           1   0.059   0.000  Mcompar_prescaller_cmp_lt0000_cy<1> (Mcompar_prescaller_cmp_lt0000_cy<1>)
     MUXCY:CI->O           1   0.059   0.000  Mcompar_prescaller_cmp_lt0000_cy<2> (Mcompar_prescaller_cmp_lt0000_cy<2>)
     MUXCY:CI->O           1   0.059   0.000  Mcompar_prescaller_cmp_lt0000_cy<3> (Mcompar_prescaller_cmp_lt0000_cy<3>)
     MUXCY:CI->O           1   0.059   0.000  Mcompar_prescaller_cmp_lt0000_cy<4> (Mcompar_prescaller_cmp_lt0000_cy<4>)
     MUXCY:CI->O           1   0.059   0.000  Mcompar_prescaller_cmp_lt0000_cy<5> (Mcompar_prescaller_cmp_lt0000_cy<5>)
     MUXCY:CI->O           1   0.059   0.000  Mcompar_prescaller_cmp_lt0000_cy<6> (Mcompar_prescaller_cmp_lt0000_cy<6>)
     MUXCY:CI->O          21   0.331   1.128  Mcompar_prescaller_cmp_lt0000_cy<7> (Mcompar_prescaller_cmp_lt0000_cy<7>)
     FDR:R                     0.911          prescaller_0
    ----------------------------------------
    Total                      5.105ns (3.355ns logic, 1.750ns route)
                                       (65.7% logic, 34.3% route)

=========================================================================
Timing constraint: Default period analysis for Clock 'pscOut'
  Clock period: 6.090ns (frequency: 164.204MHz)
  Total number of paths / destination ports: 1866 / 82
-------------------------------------------------------------------------
Delay:               6.090ns (Levels of Logic = 9)
  Source:            cntOut_24 (FF)
  Destination:       dataOut_3 (FF)
  Source Clock:      pscOut rising
  Destination Clock: pscOut rising

  Data Path: cntOut_24 to dataOut_3
                                Gate     Net
    Cell:in->out      fanout   Delay   Delay  Logical Name (Net Name)
    ----------------------------------------  ------------
     FDRE:C->Q             3   0.591   0.706  cntOut_24 (cntOut_24)
     LUT3:I0->O            1   0.704   0.000  En_and0000_wg_lut<0> (En_and0000_wg_lut<0>)
     MUXCY:S->O            1   0.464   0.000  En_and0000_wg_cy<0> (En_and0000_wg_cy<0>)
     MUXCY:CI->O           1   0.059   0.000  En_and0000_wg_cy<1> (En_and0000_wg_cy<1>)
     MUXCY:CI->O           1   0.059   0.000  En_and0000_wg_cy<2> (En_and0000_wg_cy<2>)
     MUXCY:CI->O           1   0.059   0.000  En_and0000_wg_cy<3> (En_and0000_wg_cy<3>)
     MUXCY:CI->O           1   0.059   0.000  En_and0000_wg_cy<4> (En_and0000_wg_cy<4>)
     MUXCY:CI->O           1   0.059   0.000  En_and0000_wg_cy<5> (En_and0000_wg_cy<5>)
     MUXCY:CI->O           4   0.459   0.587  En_and0000_wg_cy<6> (En_and0000)
     INV:I->O              6   0.704   0.669  En_and0000_inv1_INV_0 (En_and0000_inv)
     FDR:R                     0.911          dataOut_3
    ----------------------------------------
    Total                      6.090ns (4.128ns logic, 1.962ns route)
                                       (67.8% logic, 32.2% route)

=========================================================================
Timing constraint: Default OFFSET IN BEFORE for Clock 'pscOut'
  Total number of paths / destination ports: 32 / 32
-------------------------------------------------------------------------
Offset:              4.515ns (Levels of Logic = 2)
  Source:            reset (PAD)
  Destination:       cntOut_0 (FF)
  Destination Clock: pscOut rising

  Data Path: reset to cntOut_0
                                Gate     Net
    Cell:in->out      fanout   Delay   Delay  Logical Name (Net Name)
    ----------------------------------------  ------------
     IBUF:I->O             1   1.218   0.420  reset_IBUF (reset_IBUF)
     INV:I->O             32   0.704   1.262  reset_inv1_INV_0 (reset_inv)
     FDRE:R                    0.911          cntOut_0
    ----------------------------------------
    Total                      4.515ns (2.833ns logic, 1.682ns route)
                                       (62.7% logic, 37.3% route)

=========================================================================
Timing constraint: Default OFFSET OUT AFTER for Clock 'pscOut'
  Total number of paths / destination ports: 9 / 9
-------------------------------------------------------------------------
Offset:              4.450ns (Levels of Logic = 1)
  Source:            Rs (FF)
  Destination:       Rs (PAD)
  Source Clock:      pscOut rising

  Data Path: Rs to Rs
                                Gate     Net
    Cell:in->out      fanout   Delay   Delay  Logical Name (Net Name)
    ----------------------------------------  ------------
     FDS:C->Q              4   0.591   0.587  Rs (Rs_OBUF)
     OBUF:I->O                 3.272          Rs_OBUF (Rs)
    ----------------------------------------
    Total                      4.450ns (3.863ns logic, 0.587ns route)
                                       (86.8% logic, 13.2% route)

=========================================================================


Total REAL time to Xst completion: 3.00 secs
Total CPU time to Xst completion: 3.27 secs
 
--> 


Total memory usage is 175140 kilobytes

Number of errors   :    0 (   0 filtered)
Number of warnings :    1 (   0 filtered)
Number of infos    :    2 (   0 filtered)

