Release 14.5 - xst P.58f (lin)
Copyright (c) 1995-2012 Xilinx, Inc.  All rights reserved.
--> 
Parameter TMPDIR set to xst/projnav.tmp


Total REAL time to Xst completion: 0.00 secs
Total CPU time to Xst completion: 0.04 secs
 
--> 
Parameter xsthdpdir set to xst


Total REAL time to Xst completion: 0.00 secs
Total CPU time to Xst completion: 0.04 secs
 
--> 
Reading design: traficLight.prj

TABLE OF CONTENTS
  1) Synthesis Options Summary
  2) HDL Compilation
  3) Design Hierarchy Analysis
  4) HDL Analysis
  5) HDL Synthesis
     5.1) HDL Synthesis Report
  6) Advanced HDL Synthesis
     6.1) Advanced HDL Synthesis Report
  7) Low Level Synthesis
  8) Partition Report
  9) Final Report
	9.1) Device utilization summary
	9.2) Partition Resource Summary
	9.3) TIMING REPORT


=========================================================================
*                      Synthesis Options Summary                        *
=========================================================================
---- Source Parameters
Input File Name                    : "traficLight.prj"
Input Format                       : mixed
Ignore Synthesis Constraint File   : NO

---- Target Parameters
Output File Name                   : "traficLight"
Output Format                      : NGC
Target Device                      : xc3s250e-4-cp132

---- Source Options
Top Module Name                    : traficLight
Automatic FSM Extraction           : YES
FSM Encoding Algorithm             : Auto
Safe Implementation                : No
FSM Style                          : LUT
RAM Extraction                     : Yes
RAM Style                          : Auto
ROM Extraction                     : Yes
Mux Style                          : Auto
Decoder Extraction                 : YES
Priority Encoder Extraction        : Yes
Shift Register Extraction          : YES
Logical Shifter Extraction         : YES
XOR Collapsing                     : YES
ROM Style                          : Auto
Mux Extraction                     : Yes
Resource Sharing                   : YES
Asynchronous To Synchronous        : NO
Multiplier Style                   : Auto
Automatic Register Balancing       : No

---- Target Options
Add IO Buffers                     : YES
Global Maximum Fanout              : 100000
Add Generic Clock Buffer(BUFG)     : 24
Register Duplication               : YES
Slice Packing                      : YES
Optimize Instantiated Primitives   : NO
Use Clock Enable                   : Yes
Use Synchronous Set                : Yes
Use Synchronous Reset              : Yes
Pack IO Registers into IOBs        : Auto
Equivalent register Removal        : YES

---- General Options
Optimization Goal                  : Speed
Optimization Effort                : 1
Keep Hierarchy                     : No
Netlist Hierarchy                  : As_Optimized
RTL Output                         : Yes
Global Optimization                : AllClockNets
Read Cores                         : YES
Write Timing Constraints           : NO
Cross Clock Analysis               : NO
Hierarchy Separator                : /
Bus Delimiter                      : <>
Case Specifier                     : Maintain
Slice Utilization Ratio            : 100
BRAM Utilization Ratio             : 100
Verilog 2001                       : YES
Auto BRAM Packing                  : NO
Slice Utilization Ratio Delta      : 5

=========================================================================


=========================================================================
*                          HDL Compilation                              *
=========================================================================
Compiling vhdl file "/home/hendri/Documents/workspaceXilinxBasys2/P11_stateTrafficMealy/traffic.vhd" in Library work.
Entity <traficlight> compiled.
Entity <traficlight> (Architecture <behavioral>) compiled.

=========================================================================
*                     Design Hierarchy Analysis                         *
=========================================================================
Analyzing hierarchy for entity <traficLight> in library <work> (architecture <behavioral>).


=========================================================================
*                            HDL Analysis                               *
=========================================================================
Analyzing Entity <traficLight> in library <work> (Architecture <behavioral>).
Entity <traficLight> analyzed. Unit <traficLight> generated.


=========================================================================
*                           HDL Synthesis                               *
=========================================================================

Performing bidirectional port resolution...

Synthesizing Unit <traficLight>.
    Related source file is "/home/hendri/Documents/workspaceXilinxBasys2/P11_stateTrafficMealy/traffic.vhd".
    Found finite state machine <FSM_0> for signal <CURRENT_STATE>.
    -----------------------------------------------------------------------
    | States             | 4                                              |
    | Transitions        | 7                                              |
    | Inputs             | 1                                              |
    | Outputs            | 4                                              |
    | Clock              | clock_o                   (rising_edge)        |
    | Reset              | reset_in                  (positive)           |
    | Reset type         | asynchronous                                   |
    | Reset State        | smerah                                         |
    | Power Up State     | smerah                                         |
    | Encoding           | automatic                                      |
    | Implementation     | LUT                                            |
    -----------------------------------------------------------------------
    Found 26-bit up counter for signal <psc>.
    Found 26-bit comparator less for signal <psc$cmp_lt0000> created at line 64.
    Found 1-bit register for signal <sInv>.
    Summary:
	inferred   1 Finite State Machine(s).
	inferred   1 Counter(s).
	inferred   1 D-type flip-flop(s).
	inferred   1 Comparator(s).
Unit <traficLight> synthesized.


=========================================================================
HDL Synthesis Report

Macro Statistics
# Counters                                             : 1
 26-bit up counter                                     : 1
# Registers                                            : 1
 1-bit register                                        : 1
# Comparators                                          : 1
 26-bit comparator less                                : 1

=========================================================================

=========================================================================
*                       Advanced HDL Synthesis                          *
=========================================================================

Analyzing FSM <FSM_0> for best encoding.
Optimizing FSM <CURRENT_STATE/FSM> on signal <CURRENT_STATE[1:2]> with gray encoding.
--------------------------
 State        | Encoding
--------------------------
 smerah       | 00
 smerahkuning | 01
 shijau       | 11
 skuning      | 10
--------------------------

=========================================================================
Advanced HDL Synthesis Report

Macro Statistics
# FSMs                                                 : 1
# Counters                                             : 1
 26-bit up counter                                     : 1
# Registers                                            : 1
 Flip-Flops                                            : 1
# Comparators                                          : 1
 26-bit comparator less                                : 1

=========================================================================

=========================================================================
*                         Low Level Synthesis                           *
=========================================================================

Optimizing unit <traficLight> ...

Mapping all equations...
Building and optimizing final netlist ...
Found area constraint ratio of 100 (+ 5) on block traficLight, actual ratio is 0.

Final Macro Processing ...

=========================================================================
Final Register Report

Macro Statistics
# Registers                                            : 29
 Flip-Flops                                            : 29

=========================================================================

=========================================================================
*                           Partition Report                            *
=========================================================================

Partition Implementation Status
-------------------------------

  No Partitions were found in this design.

-------------------------------

=========================================================================
*                            Final Report                               *
=========================================================================
Final Results
RTL Top Level Output File Name     : traficLight.ngr
Top Level Output File Name         : traficLight
Output Format                      : NGC
Optimization Goal                  : Speed
Keep Hierarchy                     : No

Design Statistics
# IOs                              : 8

Cell Usage :
# BELS                             : 107
#      GND                         : 1
#      INV                         : 6
#      LUT1                        : 29
#      LUT2                        : 3
#      LUT3                        : 2
#      LUT4                        : 3
#      MUXCY                       : 36
#      VCC                         : 1
#      XORCY                       : 26
# FlipFlops/Latches                : 29
#      FDC                         : 2
#      FDE                         : 1
#      FDR                         : 26
# Clock Buffers                    : 2
#      BUFG                        : 1
#      BUFGP                       : 1
# IO Buffers                       : 7
#      IBUF                        : 2
#      OBUF                        : 5
=========================================================================

Device utilization summary:
---------------------------

Selected Device : 3s250ecp132-4 

 Number of Slices:                       22  out of   2448     0%  
 Number of Slice Flip Flops:             29  out of   4896     0%  
 Number of 4 input LUTs:                 43  out of   4896     0%  
 Number of IOs:                           8
 Number of bonded IOBs:                   8  out of     92     8%  
 Number of GCLKs:                         2  out of     24     8%  

---------------------------
Partition Resource Summary:
---------------------------

  No Partitions were found in this design.

---------------------------


=========================================================================
TIMING REPORT

NOTE: THESE TIMING NUMBERS ARE ONLY A SYNTHESIS ESTIMATE.
      FOR ACCURATE TIMING INFORMATION PLEASE REFER TO THE TRACE REPORT
      GENERATED AFTER PLACE-and-ROUTE.

Clock Information:
------------------
-----------------------------------+------------------------+-------+
Clock Signal                       | Clock buffer(FF name)  | Load  |
-----------------------------------+------------------------+-------+
clk                                | BUFGP                  | 27    |
sInv                               | BUFG                   | 2     |
-----------------------------------+------------------------+-------+

Asynchronous Control Signals Information:
----------------------------------------
-----------------------------------+------------------------+-------+
Control Signal                     | Buffer(FF name)        | Load  |
-----------------------------------+------------------------+-------+
reset_in                           | IBUF                   | 2     |
-----------------------------------+------------------------+-------+

Timing Summary:
---------------
Speed Grade: -4

   Minimum period: 5.415ns (Maximum Frequency: 184.685MHz)
   Minimum input arrival time before clock: 3.038ns
   Maximum output required time after clock: 5.749ns
   Maximum combinational path delay: 6.422ns

Timing Detail:
--------------
All values displayed in nanoseconds (ns)

=========================================================================
Timing constraint: Default period analysis for Clock 'clk'
  Clock period: 5.415ns (frequency: 184.685MHz)
  Total number of paths / destination ports: 892 / 54
-------------------------------------------------------------------------
Delay:               5.415ns (Levels of Logic = 12)
  Source:            psc_6 (FF)
  Destination:       psc_0 (FF)
  Source Clock:      clk rising
  Destination Clock: clk rising

  Data Path: psc_6 to psc_0
                                Gate     Net
    Cell:in->out      fanout   Delay   Delay  Logical Name (Net Name)
    ----------------------------------------  ------------
     FDR:C->Q              2   0.591   0.622  psc_6 (psc_6)
     LUT1:I0->O            1   0.704   0.000  Mcompar_psc_cmp_lt0000_cy<0>_rt (Mcompar_psc_cmp_lt0000_cy<0>_rt)
     MUXCY:S->O            1   0.464   0.000  Mcompar_psc_cmp_lt0000_cy<0> (Mcompar_psc_cmp_lt0000_cy<0>)
     MUXCY:CI->O           1   0.059   0.000  Mcompar_psc_cmp_lt0000_cy<1> (Mcompar_psc_cmp_lt0000_cy<1>)
     MUXCY:CI->O           1   0.059   0.000  Mcompar_psc_cmp_lt0000_cy<2> (Mcompar_psc_cmp_lt0000_cy<2>)
     MUXCY:CI->O           1   0.059   0.000  Mcompar_psc_cmp_lt0000_cy<3> (Mcompar_psc_cmp_lt0000_cy<3>)
     MUXCY:CI->O           1   0.059   0.000  Mcompar_psc_cmp_lt0000_cy<4> (Mcompar_psc_cmp_lt0000_cy<4>)
     MUXCY:CI->O           1   0.059   0.000  Mcompar_psc_cmp_lt0000_cy<5> (Mcompar_psc_cmp_lt0000_cy<5>)
     MUXCY:CI->O           1   0.059   0.000  Mcompar_psc_cmp_lt0000_cy<6> (Mcompar_psc_cmp_lt0000_cy<6>)
     MUXCY:CI->O           1   0.059   0.000  Mcompar_psc_cmp_lt0000_cy<7> (Mcompar_psc_cmp_lt0000_cy<7>)
     MUXCY:CI->O           1   0.059   0.000  Mcompar_psc_cmp_lt0000_cy<8> (Mcompar_psc_cmp_lt0000_cy<8>)
     MUXCY:CI->O           1   0.059   0.000  Mcompar_psc_cmp_lt0000_cy<9> (Mcompar_psc_cmp_lt0000_cy<9>)
     MUXCY:CI->O          27   0.331   1.261  Mcompar_psc_cmp_lt0000_cy<10> (Mcompar_psc_cmp_lt0000_cy<10>)
     FDR:R                     0.911          psc_0
    ----------------------------------------
    Total                      5.415ns (3.532ns logic, 1.883ns route)
                                       (65.2% logic, 34.8% route)

=========================================================================
Timing constraint: Default period analysis for Clock 'sInv'
  Clock period: 2.269ns (frequency: 440.723MHz)
  Total number of paths / destination ports: 2 / 2
-------------------------------------------------------------------------
Delay:               2.269ns (Levels of Logic = 1)
  Source:            CURRENT_STATE_FSM_FFd1 (FF)
  Destination:       CURRENT_STATE_FSM_FFd2 (FF)
  Source Clock:      sInv rising
  Destination Clock: sInv rising

  Data Path: CURRENT_STATE_FSM_FFd1 to CURRENT_STATE_FSM_FFd2
                                Gate     Net
    Cell:in->out      fanout   Delay   Delay  Logical Name (Net Name)
    ----------------------------------------  ------------
     FDC:C->Q              4   0.591   0.666  CURRENT_STATE_FSM_FFd1 (CURRENT_STATE_FSM_FFd1)
     LUT2:I1->O            1   0.704   0.000  CURRENT_STATE_FSM_FFd2-In1 (CURRENT_STATE_FSM_FFd2-In)
     FDC:D                     0.308          CURRENT_STATE_FSM_FFd2
    ----------------------------------------
    Total                      2.269ns (1.603ns logic, 0.666ns route)
                                       (70.6% logic, 29.4% route)

=========================================================================
Timing constraint: Default OFFSET IN BEFORE for Clock 'sInv'
  Total number of paths / destination ports: 2 / 2
-------------------------------------------------------------------------
Offset:              3.038ns (Levels of Logic = 2)
  Source:            alert_in (PAD)
  Destination:       CURRENT_STATE_FSM_FFd1 (FF)
  Destination Clock: sInv rising

  Data Path: alert_in to CURRENT_STATE_FSM_FFd1
                                Gate     Net
    Cell:in->out      fanout   Delay   Delay  Logical Name (Net Name)
    ----------------------------------------  ------------
     IBUF:I->O             5   1.218   0.808  alert_in_IBUF (alert_in_IBUF)
     LUT2:I0->O            1   0.704   0.000  CURRENT_STATE_FSM_FFd2-In1 (CURRENT_STATE_FSM_FFd2-In)
     FDC:D                     0.308          CURRENT_STATE_FSM_FFd2
    ----------------------------------------
    Total                      3.038ns (2.230ns logic, 0.808ns route)
                                       (73.4% logic, 26.6% route)

=========================================================================
Timing constraint: Default OFFSET OUT AFTER for Clock 'sInv'
  Total number of paths / destination ports: 5 / 3
-------------------------------------------------------------------------
Offset:              5.749ns (Levels of Logic = 2)
  Source:            CURRENT_STATE_FSM_FFd1 (FF)
  Destination:       hijau_out (PAD)
  Source Clock:      sInv rising

  Data Path: CURRENT_STATE_FSM_FFd1 to hijau_out
                                Gate     Net
    Cell:in->out      fanout   Delay   Delay  Logical Name (Net Name)
    ----------------------------------------  ------------
     FDC:C->Q              4   0.591   0.762  CURRENT_STATE_FSM_FFd1 (CURRENT_STATE_FSM_FFd1)
     LUT2:I0->O            1   0.704   0.420  merah_out1 (merah_out_OBUF)
     OBUF:I->O                 3.272          merah_out_OBUF (merah_out)
    ----------------------------------------
    Total                      5.749ns (4.567ns logic, 1.182ns route)
                                       (79.4% logic, 20.6% route)

=========================================================================
Timing constraint: Default OFFSET OUT AFTER for Clock 'clk'
  Total number of paths / destination ports: 1 / 1
-------------------------------------------------------------------------
Offset:              4.394ns (Levels of Logic = 1)
  Source:            sInv (FF)
  Destination:       tick (PAD)
  Source Clock:      clk rising

  Data Path: sInv to tick
                                Gate     Net
    Cell:in->out      fanout   Delay   Delay  Logical Name (Net Name)
    ----------------------------------------  ------------
     FDE:C->Q              3   0.591   0.531  sInv (sInv)
     OBUF:I->O                 3.272          tick_OBUF (tick)
    ----------------------------------------
    Total                      4.394ns (3.863ns logic, 0.531ns route)
                                       (87.9% logic, 12.1% route)

=========================================================================
Timing constraint: Default path analysis
  Total number of paths / destination ports: 3 / 3
-------------------------------------------------------------------------
Delay:               6.422ns (Levels of Logic = 3)
  Source:            alert_in (PAD)
  Destination:       kuning_out (PAD)

  Data Path: alert_in to kuning_out
                                Gate     Net
    Cell:in->out      fanout   Delay   Delay  Logical Name (Net Name)
    ----------------------------------------  ------------
     IBUF:I->O             5   1.218   0.808  alert_in_IBUF (alert_in_IBUF)
     LUT3:I0->O            1   0.704   0.420  kuning_out1 (kuning_out_OBUF)
     OBUF:I->O                 3.272          kuning_out_OBUF (kuning_out)
    ----------------------------------------
    Total                      6.422ns (5.194ns logic, 1.228ns route)
                                       (80.9% logic, 19.1% route)

=========================================================================


Total REAL time to Xst completion: 3.00 secs
Total CPU time to Xst completion: 3.04 secs
 
--> 


Total memory usage is 174528 kilobytes

Number of errors   :    0 (   0 filtered)
Number of warnings :    0 (   0 filtered)
Number of infos    :    0 (   0 filtered)

