Running: /opt/Xilinx/14.5/ISE_DS/ISE/bin/lin/unwrapped/fuse -intstyle ise -incremental -o /home/hendri/Documents/workspaceXilinxBasys2/pendeteksiGanjil4bit/mainTestbench_isim_beh.exe -prj /home/hendri/Documents/workspaceXilinxBasys2/pendeteksiGanjil4bit/mainTestbench_beh.prj work.mainTestbench 
ISim P.58f (signature 0xfbc00daa)
Number of CPUs detected in this system: 1
Turning on mult-threading, number of parallel sub-compilation jobs: 0 
Determining compilation order of HDL files
Parsing VHDL file "/home/hendri/Documents/workspaceXilinxBasys2/pendeteksiGanjil4bit/main.vhd" into library work
Parsing VHDL file "/home/hendri/Documents/workspaceXilinxBasys2/pendeteksiGanjil4bit/mainTestbench.vhd" into library work
Starting static elaboration
Completed static elaboration
Fuse Memory Usage: 38484 KB
Fuse CPU Usage: 2450 ms
Compiling package standard
Compiling package std_logic_1164
Compiling package std_logic_arith
Compiling package std_logic_unsigned
Compiling package numeric_std
Compiling architecture behavioral of entity main [main_default]
Compiling architecture behavior of entity maintestbench
Time Resolution for simulation is 1ps.
Compiled 8 VHDL Units
Built simulation executable /home/hendri/Documents/workspaceXilinxBasys2/pendeteksiGanjil4bit/mainTestbench_isim_beh.exe
Fuse Memory Usage: 55240 KB
Fuse CPU Usage: 2820 ms
GCC CPU Usage: 470 ms
