Release 14.5 - xst P.58f (lin)
Copyright (c) 1995-2012 Xilinx, Inc.  All rights reserved.
--> 
Parameter TMPDIR set to xst/projnav.tmp


Total REAL time to Xst completion: 0.00 secs
Total CPU time to Xst completion: 0.03 secs
 
--> 
Parameter xsthdpdir set to xst


Total REAL time to Xst completion: 0.00 secs
Total CPU time to Xst completion: 0.04 secs
 
--> 
Reading design: vendingmachine.prj

TABLE OF CONTENTS
  1) Synthesis Options Summary
  2) HDL Compilation
  3) Design Hierarchy Analysis
  4) HDL Analysis
  5) HDL Synthesis
     5.1) HDL Synthesis Report
  6) Advanced HDL Synthesis
     6.1) Advanced HDL Synthesis Report
  7) Low Level Synthesis
  8) Partition Report
  9) Final Report
	9.1) Device utilization summary
	9.2) Partition Resource Summary
	9.3) TIMING REPORT


=========================================================================
*                      Synthesis Options Summary                        *
=========================================================================
---- Source Parameters
Input File Name                    : "vendingmachine.prj"
Input Format                       : mixed
Ignore Synthesis Constraint File   : NO

---- Target Parameters
Output File Name                   : "vendingmachine"
Output Format                      : NGC
Target Device                      : xc3s250e-4-cp132

---- Source Options
Top Module Name                    : vendingmachine
Automatic FSM Extraction           : YES
FSM Encoding Algorithm             : Auto
Safe Implementation                : No
FSM Style                          : LUT
RAM Extraction                     : Yes
RAM Style                          : Auto
ROM Extraction                     : Yes
Mux Style                          : Auto
Decoder Extraction                 : YES
Priority Encoder Extraction        : Yes
Shift Register Extraction          : YES
Logical Shifter Extraction         : YES
XOR Collapsing                     : YES
ROM Style                          : Auto
Mux Extraction                     : Yes
Resource Sharing                   : YES
Asynchronous To Synchronous        : NO
Multiplier Style                   : Auto
Automatic Register Balancing       : No

---- Target Options
Add IO Buffers                     : YES
Global Maximum Fanout              : 100000
Add Generic Clock Buffer(BUFG)     : 24
Register Duplication               : YES
Slice Packing                      : YES
Optimize Instantiated Primitives   : NO
Use Clock Enable                   : Yes
Use Synchronous Set                : Yes
Use Synchronous Reset              : Yes
Pack IO Registers into IOBs        : Auto
Equivalent register Removal        : YES

---- General Options
Optimization Goal                  : Speed
Optimization Effort                : 1
Keep Hierarchy                     : No
Netlist Hierarchy                  : As_Optimized
RTL Output                         : Yes
Global Optimization                : AllClockNets
Read Cores                         : YES
Write Timing Constraints           : NO
Cross Clock Analysis               : NO
Hierarchy Separator                : /
Bus Delimiter                      : <>
Case Specifier                     : Maintain
Slice Utilization Ratio            : 100
BRAM Utilization Ratio             : 100
Verilog 2001                       : YES
Auto BRAM Packing                  : NO
Slice Utilization Ratio Delta      : 5

=========================================================================


=========================================================================
*                          HDL Compilation                              *
=========================================================================
Compiling vhdl file "/home/hendri/Documents/workspaceXilinxBasys2/p16_vmProcessCancelDelay/prescaller.vhd" in Library work.
Architecture behavioral of Entity prescaller is up to date.
Compiling vhdl file "/home/hendri/Documents/workspaceXilinxBasys2/p16_vmProcessCancelDelay/debouncingCircuit.vhd" in Library work.
Architecture behavioral of Entity debouncingcircuit is up to date.
Compiling vhdl file "/home/hendri/Documents/workspaceXilinxBasys2/p16_vmProcessCancelDelay/vendingMachine.vhd" in Library work.
Entity <vendingmachine> compiled.
Entity <vendingmachine> (Architecture <behavioral>) compiled.

=========================================================================
*                     Design Hierarchy Analysis                         *
=========================================================================
Analyzing hierarchy for entity <vendingmachine> in library <work> (architecture <behavioral>).

Analyzing hierarchy for entity <prescaller> in library <work> (architecture <behavioral>).

Analyzing hierarchy for entity <debouncingCircuit> in library <work> (architecture <behavioral>).


=========================================================================
*                            HDL Analysis                               *
=========================================================================
Analyzing Entity <vendingmachine> in library <work> (Architecture <behavioral>).
Entity <vendingmachine> analyzed. Unit <vendingmachine> generated.

Analyzing Entity <prescaller> in library <work> (Architecture <behavioral>).
Entity <prescaller> analyzed. Unit <prescaller> generated.

Analyzing Entity <debouncingCircuit> in library <work> (Architecture <behavioral>).
Entity <debouncingCircuit> analyzed. Unit <debouncingCircuit> generated.


=========================================================================
*                           HDL Synthesis                               *
=========================================================================

Performing bidirectional port resolution...

Synthesizing Unit <debouncingCircuit>.
    Related source file is "/home/hendri/Documents/workspaceXilinxBasys2/p16_vmProcessCancelDelay/debouncingCircuit.vhd".
    Found 1-bit register for signal <sw1.Q1>.
    Found 1-bit register for signal <sw1.Q2>.
    Found 1-bit register for signal <sw1.Q3>.
    Found 1-bit register for signal <sw2.Q1>.
    Found 1-bit register for signal <sw2.Q2>.
    Found 1-bit register for signal <sw2.Q3>.
    Found 1-bit register for signal <sw3.Q1>.
    Found 1-bit register for signal <sw3.Q2>.
    Found 1-bit register for signal <sw3.Q3>.
    Found 1-bit register for signal <sw4.Q1>.
    Found 1-bit register for signal <sw4.Q2>.
    Found 1-bit register for signal <sw4.Q3>.
    Summary:
	inferred  12 D-type flip-flop(s).
Unit <debouncingCircuit> synthesized.


Synthesizing Unit <prescaller>.
    Related source file is "/home/hendri/Documents/workspaceXilinxBasys2/p16_vmProcessCancelDelay/prescaller.vhd".
WARNING:Xst:653 - Signal <sClk1Hz.timeout> is used but never assigned. This sourceless signal will be automatically connected to value 00000001011111010111100001000000.
WARNING:Xst:653 - Signal <clk1.timeout> is used but never assigned. This sourceless signal will be automatically connected to value 00000000000000011110100001001000.
    Found 26-bit up counter for signal <clk1.counter>.
    Found 1-bit register for signal <clk1.sTick>.
    Found 32-bit comparator less for signal <clk1.sTick$cmp_lt0000> created at line 48.
    Found 26-bit up counter for signal <sClk1Hz.counter>.
    Found 32-bit comparator less for signal <sClk1Hz.counter$cmp_lt0000> created at line 60.
    Found 1-bit register for signal <sClk1Hz.sTick>.
    Summary:
	inferred   2 Counter(s).
	inferred   2 D-type flip-flop(s).
	inferred   2 Comparator(s).
Unit <prescaller> synthesized.


Synthesizing Unit <vendingmachine>.
    Related source file is "/home/hendri/Documents/workspaceXilinxBasys2/p16_vmProcessCancelDelay/vendingMachine.vhd".
ERROR:Xst:1534 - Sequential logic for node <drop_out> appears to be controlled by multiple clocks.
ERROR:Xst:739 - Failed to synthesize logic for signal <drop_out>.
ERROR:Xst:1431 - Failed to synthesize unit <vendingmachine>.
--> 


Total memory usage is 169548 kilobytes

Number of errors   :    3 (   0 filtered)
Number of warnings :    2 (   0 filtered)
Number of infos    :    0 (   0 filtered)

