Release 14.5 - xst P.58f (lin)
Copyright (c) 1995-2012 Xilinx, Inc.  All rights reserved.
--> 
Parameter TMPDIR set to xst/projnav.tmp


Total REAL time to Xst completion: 0.00 secs
Total CPU time to Xst completion: 0.06 secs
 
--> 
Parameter xsthdpdir set to xst


Total REAL time to Xst completion: 0.00 secs
Total CPU time to Xst completion: 0.06 secs
 
--> 
Reading design: Blinker.prj

TABLE OF CONTENTS
  1) Synthesis Options Summary
  2) HDL Compilation
  3) Design Hierarchy Analysis
  4) HDL Analysis
  5) HDL Synthesis
     5.1) HDL Synthesis Report
  6) Advanced HDL Synthesis
     6.1) Advanced HDL Synthesis Report
  7) Low Level Synthesis
  8) Partition Report
  9) Final Report
	9.1) Device utilization summary
	9.2) Partition Resource Summary
	9.3) TIMING REPORT


=========================================================================
*                      Synthesis Options Summary                        *
=========================================================================
---- Source Parameters
Input File Name                    : "Blinker.prj"
Input Format                       : mixed
Ignore Synthesis Constraint File   : NO

---- Target Parameters
Output File Name                   : "Blinker"
Output Format                      : NGC
Target Device                      : xc3s250e-4-cp132

---- Source Options
Top Module Name                    : Blinker
Automatic FSM Extraction           : YES
FSM Encoding Algorithm             : Auto
Safe Implementation                : No
FSM Style                          : LUT
RAM Extraction                     : Yes
RAM Style                          : Auto
ROM Extraction                     : Yes
Mux Style                          : Auto
Decoder Extraction                 : YES
Priority Encoder Extraction        : Yes
Shift Register Extraction          : YES
Logical Shifter Extraction         : YES
XOR Collapsing                     : YES
ROM Style                          : Auto
Mux Extraction                     : Yes
Resource Sharing                   : YES
Asynchronous To Synchronous        : NO
Multiplier Style                   : Auto
Automatic Register Balancing       : No

---- Target Options
Add IO Buffers                     : YES
Global Maximum Fanout              : 100000
Add Generic Clock Buffer(BUFG)     : 24
Register Duplication               : YES
Slice Packing                      : YES
Optimize Instantiated Primitives   : NO
Use Clock Enable                   : Yes
Use Synchronous Set                : Yes
Use Synchronous Reset              : Yes
Pack IO Registers into IOBs        : Auto
Equivalent register Removal        : YES

---- General Options
Optimization Goal                  : Speed
Optimization Effort                : 1
Keep Hierarchy                     : No
Netlist Hierarchy                  : As_Optimized
RTL Output                         : Yes
Global Optimization                : AllClockNets
Read Cores                         : YES
Write Timing Constraints           : NO
Cross Clock Analysis               : NO
Hierarchy Separator                : /
Bus Delimiter                      : <>
Case Specifier                     : Maintain
Slice Utilization Ratio            : 100
BRAM Utilization Ratio             : 100
Verilog 2001                       : YES
Auto BRAM Packing                  : NO
Slice Utilization Ratio Delta      : 5

---- Other Options
Cores Search Directories           : {"ipcore_dir"  }

=========================================================================


=========================================================================
*                          HDL Compilation                              *
=========================================================================
Compiling vhdl file "/home/hendri/Documents/workspaceXilinxBasys2/P2_BlinkerSCH/ipcore_dir/counter.vhd" in Library work.
Architecture counter_a of Entity counter is up to date.
Compiling vhdl file "/home/hendri/Documents/workspaceXilinxBasys2/P2_BlinkerSCH/Blinker.vhf" in Library work.
Architecture behavioral of Entity blinker is up to date.

=========================================================================
*                     Design Hierarchy Analysis                         *
=========================================================================
Analyzing hierarchy for entity <Blinker> in library <work> (architecture <behavioral>).


=========================================================================
*                            HDL Analysis                               *
=========================================================================
Analyzing Entity <Blinker> in library <work> (Architecture <behavioral>).
WARNING:Xst:753 - "/home/hendri/Documents/workspaceXilinxBasys2/P2_BlinkerSCH/Blinker.vhf" line 41: Unconnected output port 'thresh0' of component 'counter'.
WARNING:Xst:2211 - "/home/hendri/Documents/workspaceXilinxBasys2/P2_BlinkerSCH/Blinker.vhf" line 41: Instantiating black box module <counter>.
Entity <Blinker> analyzed. Unit <Blinker> generated.


=========================================================================
*                           HDL Synthesis                               *
=========================================================================

Performing bidirectional port resolution...

Synthesizing Unit <Blinker>.
    Related source file is "/home/hendri/Documents/workspaceXilinxBasys2/P2_BlinkerSCH/Blinker.vhf".
Unit <Blinker> synthesized.


=========================================================================
HDL Synthesis Report

Found no macro
=========================================================================

=========================================================================
*                       Advanced HDL Synthesis                          *
=========================================================================

Reading core <ipcore_dir/counter.ngc>.
Reading Secure Unit <blk00000001>.
Loading core <counter> for timing and area information for instance <XLXI_5>.

=========================================================================
Advanced HDL Synthesis Report

Found no macro
=========================================================================

=========================================================================
*                         Low Level Synthesis                           *
=========================================================================

Optimizing unit <Blinker> ...

Mapping all equations...
Building and optimizing final netlist ...
Found area constraint ratio of 100 (+ 5) on block Blinker, actual ratio is 0.

Final Macro Processing ...

=========================================================================
Final Register Report

Found no macro
=========================================================================

=========================================================================
*                           Partition Report                            *
=========================================================================

Partition Implementation Status
-------------------------------

  No Partitions were found in this design.

-------------------------------

=========================================================================
*                            Final Report                               *
=========================================================================
Final Results
RTL Top Level Output File Name     : Blinker.ngr
Top Level Output File Name         : Blinker
Output Format                      : NGC
Optimization Goal                  : Speed
Keep Hierarchy                     : No

Design Statistics
# IOs                              : 26

Cell Usage :
# Clock Buffers                    : 1
#      BUFGP                       : 1
# IO Buffers                       : 25
#      OBUF                        : 25
=========================================================================

Device utilization summary:
---------------------------

Selected Device : 3s250ecp132-4 

 Number of Slices:                        0  out of   2448     0%  
 Number of IOs:                          26
 Number of bonded IOBs:                  26  out of     92    28%  
 Number of GCLKs:                         1  out of     24     4%  

---------------------------
Partition Resource Summary:
---------------------------

  No Partitions were found in this design.

---------------------------


=========================================================================
TIMING REPORT

NOTE: THESE TIMING NUMBERS ARE ONLY A SYNTHESIS ESTIMATE.
      FOR ACCURATE TIMING INFORMATION PLEASE REFER TO THE TRACE REPORT
      GENERATED AFTER PLACE-and-ROUTE.

Clock Information:
------------------
-----------------------------------+------------------------+-------+
Clock Signal                       | Clock buffer(FF name)  | Load  |
-----------------------------------+------------------------+-------+
clk_in                             | BUFGP                  | 26    |
-----------------------------------+------------------------+-------+

Asynchronous Control Signals Information:
----------------------------------------
No asynchronous control signals found in this design

Timing Summary:
---------------
Speed Grade: -4

   Minimum period: 6.853ns (Maximum Frequency: 145.921MHz)
   Minimum input arrival time before clock: No path found
   Maximum output required time after clock: 4.310ns
   Maximum combinational path delay: No path found

Timing Detail:
--------------
All values displayed in nanoseconds (ns)

=========================================================================
Timing constraint: Default period analysis for Clock 'clk_in'
  Clock period: 6.853ns (frequency: 145.921MHz)
  Total number of paths / destination ports: 650 / 26
-------------------------------------------------------------------------
Delay:               6.853ns (Levels of Logic = 27)
  Source:            sec_inst (FF)
  Destination:       sec_inst (FF)
  Source Clock:      clk_in rising
  Destination Clock: clk_in rising

  Data Path: sec_inst to sec_inst
                                Gate     Net
    Cell:in->out      fanout   Delay   Delay  Logical Name (Net Name)
    ----------------------------------------  ------------
     SEC:C->out            2   0.591   0.622  sec_inst (sec_net)
     SEC:in->out           1   0.704   0.000  sec_inst (sec_net)
     SEC:in->out           1   0.464   0.000  sec_inst (sec_net)
     SEC:in->out           1   0.059   0.000  sec_inst (sec_net)
     SEC:in->out           1   0.059   0.000  sec_inst (sec_net)
     SEC:in->out           1   0.059   0.000  sec_inst (sec_net)
     SEC:in->out           1   0.059   0.000  sec_inst (sec_net)
     SEC:in->out           1   0.059   0.000  sec_inst (sec_net)
     SEC:in->out           1   0.059   0.000  sec_inst (sec_net)
     SEC:in->out           1   0.059   0.000  sec_inst (sec_net)
     SEC:in->out           1   0.059   0.000  sec_inst (sec_net)
     SEC:in->out           1   0.059   0.000  sec_inst (sec_net)
     SEC:in->out           1   0.059   0.000  sec_inst (sec_net)
     SEC:in->out           1   0.059   0.000  sec_inst (sec_net)
     SEC:in->out           1   0.059   0.000  sec_inst (sec_net)
     SEC:in->out           1   0.059   0.000  sec_inst (sec_net)
     SEC:in->out           1   0.059   0.000  sec_inst (sec_net)
     SEC:in->out           1   0.059   0.000  sec_inst (sec_net)
     SEC:in->out           1   0.059   0.000  sec_inst (sec_net)
     SEC:in->out           2   0.804   0.622  sec_inst (sec_net)
     SEC:in->out           1   0.704   0.000  sec_inst (sec_net)
     SEC:in->out           1   0.464   0.000  sec_inst (sec_net)
     SEC:in->out           1   0.059   0.000  sec_inst (sec_net)
     SEC:in->out           1   0.059   0.000  sec_inst (sec_net)
     SEC:in->out           1   0.059   0.000  sec_inst (sec_net)
     SEC:in->out           1   0.059   0.000  sec_inst (sec_net)
     SEC:in->out           1   0.059   0.000  sec_inst (sec_net)
     SEC:in->out           1   0.331   0.000  sec_inst (sec_net)
     SEC:in                    0.308          sec_inst
    ----------------------------------------
    Total                      6.853ns (5.609ns logic, 1.244ns route)
                                       (81.8% logic, 18.2% route)

=========================================================================
Timing constraint: Default OFFSET OUT AFTER for Clock 'clk_in'
  Total number of paths / destination ports: 25 / 25
-------------------------------------------------------------------------
Offset:              4.310ns (Levels of Logic = 2)
  Source:            sec_inst (FF)
  Destination:       clk_out<23> (PAD)
  Source Clock:      clk_in rising

  Data Path: sec_inst to clk_out<23>
                                Gate     Net
    Cell:in->out      fanout   Delay   Delay  Logical Name (Net Name)
    ----------------------------------------  ------------
     SEC:C->out            2   0.591   0.447  sec_inst (sec_net)
     end scope: 'blk00000001'
     end scope: 'XLXI_5'
     OBUF:I->O                 3.272          clk_out_23_OBUF (clk_out<23>)
    ----------------------------------------
    Total                      4.310ns (3.863ns logic, 0.447ns route)
                                       (89.6% logic, 10.4% route)

=========================================================================


Total REAL time to Xst completion: 4.00 secs
Total CPU time to Xst completion: 3.69 secs
 
--> 


Total memory usage is 173744 kilobytes

Number of errors   :    0 (   0 filtered)
Number of warnings :    2 (   0 filtered)
Number of infos    :    0 (   0 filtered)

