Release 14.5 - xst P.58f (lin)
Copyright (c) 1995-2012 Xilinx, Inc.  All rights reserved.
--> 
Parameter TMPDIR set to xst/projnav.tmp


Total REAL time to Xst completion: 0.00 secs
Total CPU time to Xst completion: 0.05 secs
 
--> 
Parameter xsthdpdir set to xst


Total REAL time to Xst completion: 0.00 secs
Total CPU time to Xst completion: 0.05 secs
 
--> 
Reading design: traficLight.prj

TABLE OF CONTENTS
  1) Synthesis Options Summary
  2) HDL Compilation
  3) Design Hierarchy Analysis
  4) HDL Analysis
  5) HDL Synthesis
     5.1) HDL Synthesis Report
  6) Advanced HDL Synthesis
     6.1) Advanced HDL Synthesis Report
  7) Low Level Synthesis
  8) Partition Report
  9) Final Report
	9.1) Device utilization summary
	9.2) Partition Resource Summary
	9.3) TIMING REPORT


=========================================================================
*                      Synthesis Options Summary                        *
=========================================================================
---- Source Parameters
Input File Name                    : "traficLight.prj"
Input Format                       : mixed
Ignore Synthesis Constraint File   : NO

---- Target Parameters
Output File Name                   : "traficLight"
Output Format                      : NGC
Target Device                      : xc3s250e-4-cp132

---- Source Options
Top Module Name                    : traficLight
Automatic FSM Extraction           : YES
FSM Encoding Algorithm             : Auto
Safe Implementation                : No
FSM Style                          : LUT
RAM Extraction                     : Yes
RAM Style                          : Auto
ROM Extraction                     : Yes
Mux Style                          : Auto
Decoder Extraction                 : YES
Priority Encoder Extraction        : Yes
Shift Register Extraction          : YES
Logical Shifter Extraction         : YES
XOR Collapsing                     : YES
ROM Style                          : Auto
Mux Extraction                     : Yes
Resource Sharing                   : YES
Asynchronous To Synchronous        : NO
Multiplier Style                   : Auto
Automatic Register Balancing       : No

---- Target Options
Add IO Buffers                     : YES
Global Maximum Fanout              : 100000
Add Generic Clock Buffer(BUFG)     : 24
Register Duplication               : YES
Slice Packing                      : YES
Optimize Instantiated Primitives   : NO
Use Clock Enable                   : Yes
Use Synchronous Set                : Yes
Use Synchronous Reset              : Yes
Pack IO Registers into IOBs        : Auto
Equivalent register Removal        : YES

---- General Options
Optimization Goal                  : Speed
Optimization Effort                : 1
Keep Hierarchy                     : No
Netlist Hierarchy                  : As_Optimized
RTL Output                         : Yes
Global Optimization                : AllClockNets
Read Cores                         : YES
Write Timing Constraints           : NO
Cross Clock Analysis               : NO
Hierarchy Separator                : /
Bus Delimiter                      : <>
Case Specifier                     : Maintain
Slice Utilization Ratio            : 100
BRAM Utilization Ratio             : 100
Verilog 2001                       : YES
Auto BRAM Packing                  : NO
Slice Utilization Ratio Delta      : 5

=========================================================================


=========================================================================
*                          HDL Compilation                              *
=========================================================================
Compiling vhdl file "/home/hendri/Documents/workspaceXilinxBasys2/P11_stateTraffic/traffic.vhd" in Library work.
Entity <traficlight> compiled.
Entity <traficlight> (Architecture <behavioral>) compiled.

=========================================================================
*                     Design Hierarchy Analysis                         *
=========================================================================
Analyzing hierarchy for entity <traficLight> in library <work> (architecture <behavioral>).


=========================================================================
*                            HDL Analysis                               *
=========================================================================
Analyzing Entity <traficLight> in library <work> (Architecture <behavioral>).
Entity <traficLight> analyzed. Unit <traficLight> generated.


=========================================================================
*                           HDL Synthesis                               *
=========================================================================

Performing bidirectional port resolution...

Synthesizing Unit <traficLight>.
    Related source file is "/home/hendri/Documents/workspaceXilinxBasys2/P11_stateTraffic/traffic.vhd".
    Found finite state machine <FSM_0> for signal <myState>.
    -----------------------------------------------------------------------
    | States             | 4                                              |
    | Transitions        | 4                                              |
    | Inputs             | 0                                              |
    | Outputs            | 3                                              |
    | Clock              | clock_o                   (rising_edge)        |
    | Reset              | reset_in                  (positive)           |
    | Reset type         | synchronous                                    |
    | Reset State        | smerah                                         |
    | Power Up State     | smerah                                         |
    | Encoding           | automatic                                      |
    | Implementation     | LUT                                            |
    -----------------------------------------------------------------------
    Found 1-bit register for signal <merah_out>.
    Found 1-bit register for signal <kuning_out>.
    Found 1-bit register for signal <hijau_out>.
    Found 26-bit up counter for signal <psc>.
    Found 26-bit comparator less for signal <psc$cmp_lt0000> created at line 61.
    Found 1-bit register for signal <sInv>.
    Summary:
	inferred   1 Finite State Machine(s).
	inferred   1 Counter(s).
	inferred   4 D-type flip-flop(s).
	inferred   1 Comparator(s).
Unit <traficLight> synthesized.


=========================================================================
HDL Synthesis Report

Macro Statistics
# Counters                                             : 1
 26-bit up counter                                     : 1
# Registers                                            : 4
 1-bit register                                        : 4
# Comparators                                          : 1
 26-bit comparator less                                : 1

=========================================================================

=========================================================================
*                       Advanced HDL Synthesis                          *
=========================================================================

Analyzing FSM <FSM_0> for best encoding.
Optimizing FSM <myState/FSM> on signal <myState[1:4]> with one-hot encoding.
--------------------------
 State        | Encoding
--------------------------
 smerah       | 0001
 smerahkuning | 0010
 shijau       | 0100
 skuning      | 1000
--------------------------

=========================================================================
Advanced HDL Synthesis Report

Macro Statistics
# FSMs                                                 : 1
# Counters                                             : 1
 26-bit up counter                                     : 1
# Registers                                            : 4
 Flip-Flops                                            : 4
# Comparators                                          : 1
 26-bit comparator less                                : 1

=========================================================================

=========================================================================
*                         Low Level Synthesis                           *
=========================================================================

Optimizing unit <traficLight> ...

Mapping all equations...
Building and optimizing final netlist ...
Found area constraint ratio of 100 (+ 5) on block traficLight, actual ratio is 1.

Final Macro Processing ...

=========================================================================
Final Register Report

Macro Statistics
# Registers                                            : 34
 Flip-Flops                                            : 34

=========================================================================

=========================================================================
*                           Partition Report                            *
=========================================================================

Partition Implementation Status
-------------------------------

  No Partitions were found in this design.

-------------------------------

=========================================================================
*                            Final Report                               *
=========================================================================
Final Results
RTL Top Level Output File Name     : traficLight.ngr
Top Level Output File Name         : traficLight
Output Format                      : NGC
Optimization Goal                  : Speed
Keep Hierarchy                     : No

Design Statistics
# IOs                              : 6

Cell Usage :
# BELS                             : 105
#      GND                         : 1
#      INV                         : 7
#      LUT1                        : 29
#      LUT2                        : 2
#      LUT4                        : 3
#      MUXCY                       : 36
#      VCC                         : 1
#      XORCY                       : 26
# FlipFlops/Latches                : 34
#      FDE                         : 4
#      FDR                         : 29
#      FDS                         : 1
# Clock Buffers                    : 2
#      BUFG                        : 1
#      BUFGP                       : 1
# IO Buffers                       : 5
#      IBUF                        : 1
#      OBUF                        : 4
=========================================================================

Device utilization summary:
---------------------------

Selected Device : 3s250ecp132-4 

 Number of Slices:                       24  out of   2448     0%  
 Number of Slice Flip Flops:             34  out of   4896     0%  
 Number of 4 input LUTs:                 41  out of   4896     0%  
 Number of IOs:                           6
 Number of bonded IOBs:                   6  out of     92     6%  
 Number of GCLKs:                         2  out of     24     8%  

---------------------------
Partition Resource Summary:
---------------------------

  No Partitions were found in this design.

---------------------------


=========================================================================
TIMING REPORT

NOTE: THESE TIMING NUMBERS ARE ONLY A SYNTHESIS ESTIMATE.
      FOR ACCURATE TIMING INFORMATION PLEASE REFER TO THE TRACE REPORT
      GENERATED AFTER PLACE-and-ROUTE.

Clock Information:
------------------
-----------------------------------+------------------------+-------+
Clock Signal                       | Clock buffer(FF name)  | Load  |
-----------------------------------+------------------------+-------+
clk                                | BUFGP                  | 27    |
sInv                               | BUFG                   | 7     |
-----------------------------------+------------------------+-------+

Asynchronous Control Signals Information:
----------------------------------------
No asynchronous control signals found in this design

Timing Summary:
---------------
Speed Grade: -4

   Minimum period: 5.415ns (Maximum Frequency: 184.685MHz)
   Minimum input arrival time before clock: 3.641ns
   Maximum output required time after clock: 4.394ns
   Maximum combinational path delay: No path found

Timing Detail:
--------------
All values displayed in nanoseconds (ns)

=========================================================================
Timing constraint: Default period analysis for Clock 'clk'
  Clock period: 5.415ns (frequency: 184.685MHz)
  Total number of paths / destination ports: 892 / 54
-------------------------------------------------------------------------
Delay:               5.415ns (Levels of Logic = 12)
  Source:            psc_6 (FF)
  Destination:       psc_0 (FF)
  Source Clock:      clk rising
  Destination Clock: clk rising

  Data Path: psc_6 to psc_0
                                Gate     Net
    Cell:in->out      fanout   Delay   Delay  Logical Name (Net Name)
    ----------------------------------------  ------------
     FDR:C->Q              2   0.591   0.622  psc_6 (psc_6)
     LUT1:I0->O            1   0.704   0.000  Mcompar_psc_cmp_lt0000_cy<0>_rt (Mcompar_psc_cmp_lt0000_cy<0>_rt)
     MUXCY:S->O            1   0.464   0.000  Mcompar_psc_cmp_lt0000_cy<0> (Mcompar_psc_cmp_lt0000_cy<0>)
     MUXCY:CI->O           1   0.059   0.000  Mcompar_psc_cmp_lt0000_cy<1> (Mcompar_psc_cmp_lt0000_cy<1>)
     MUXCY:CI->O           1   0.059   0.000  Mcompar_psc_cmp_lt0000_cy<2> (Mcompar_psc_cmp_lt0000_cy<2>)
     MUXCY:CI->O           1   0.059   0.000  Mcompar_psc_cmp_lt0000_cy<3> (Mcompar_psc_cmp_lt0000_cy<3>)
     MUXCY:CI->O           1   0.059   0.000  Mcompar_psc_cmp_lt0000_cy<4> (Mcompar_psc_cmp_lt0000_cy<4>)
     MUXCY:CI->O           1   0.059   0.000  Mcompar_psc_cmp_lt0000_cy<5> (Mcompar_psc_cmp_lt0000_cy<5>)
     MUXCY:CI->O           1   0.059   0.000  Mcompar_psc_cmp_lt0000_cy<6> (Mcompar_psc_cmp_lt0000_cy<6>)
     MUXCY:CI->O           1   0.059   0.000  Mcompar_psc_cmp_lt0000_cy<7> (Mcompar_psc_cmp_lt0000_cy<7>)
     MUXCY:CI->O           1   0.059   0.000  Mcompar_psc_cmp_lt0000_cy<8> (Mcompar_psc_cmp_lt0000_cy<8>)
     MUXCY:CI->O           1   0.059   0.000  Mcompar_psc_cmp_lt0000_cy<9> (Mcompar_psc_cmp_lt0000_cy<9>)
     MUXCY:CI->O          27   0.331   1.261  Mcompar_psc_cmp_lt0000_cy<10> (Mcompar_psc_cmp_lt0000_cy<10>)
     FDR:R                     0.911          psc_0
    ----------------------------------------
    Total                      5.415ns (3.532ns logic, 1.883ns route)
                                       (65.2% logic, 34.8% route)

=========================================================================
Timing constraint: Default period analysis for Clock 'sInv'
  Clock period: 2.309ns (frequency: 433.088MHz)
  Total number of paths / destination ports: 9 / 7
-------------------------------------------------------------------------
Delay:               2.309ns (Levels of Logic = 1)
  Source:            myState_FSM_FFd3 (FF)
  Destination:       merah_out (FF)
  Source Clock:      sInv rising
  Destination Clock: sInv rising

  Data Path: myState_FSM_FFd3 to merah_out
                                Gate     Net
    Cell:in->out      fanout   Delay   Delay  Logical Name (Net Name)
    ----------------------------------------  ------------
     FDR:C->Q              3   0.591   0.706  myState_FSM_FFd3 (myState_FSM_FFd3)
     LUT2:I0->O            1   0.704   0.000  myState_FSM_Out11 (_mux0001)
     FDE:D                     0.308          merah_out
    ----------------------------------------
    Total                      2.309ns (1.603ns logic, 0.706ns route)
                                       (69.4% logic, 30.6% route)

=========================================================================
Timing constraint: Default OFFSET IN BEFORE for Clock 'sInv'
  Total number of paths / destination ports: 7 / 7
-------------------------------------------------------------------------
Offset:              3.641ns (Levels of Logic = 2)
  Source:            reset_in (PAD)
  Destination:       hijau_out (FF)
  Destination Clock: sInv rising

  Data Path: reset_in to hijau_out
                                Gate     Net
    Cell:in->out      fanout   Delay   Delay  Logical Name (Net Name)
    ----------------------------------------  ------------
     IBUF:I->O             5   1.218   0.633  reset_in_IBUF (reset_in_IBUF)
     INV:I->O              3   0.704   0.531  reset_in_inv1_INV_0 (reset_in_inv)
     FDE:CE                    0.555          hijau_out
    ----------------------------------------
    Total                      3.641ns (2.477ns logic, 1.164ns route)
                                       (68.0% logic, 32.0% route)

=========================================================================
Timing constraint: Default OFFSET OUT AFTER for Clock 'sInv'
  Total number of paths / destination ports: 3 / 3
-------------------------------------------------------------------------
Offset:              4.283ns (Levels of Logic = 1)
  Source:            hijau_out (FF)
  Destination:       hijau_out (PAD)
  Source Clock:      sInv rising

  Data Path: hijau_out to hijau_out
                                Gate     Net
    Cell:in->out      fanout   Delay   Delay  Logical Name (Net Name)
    ----------------------------------------  ------------
     FDE:C->Q              1   0.591   0.420  hijau_out (hijau_out_OBUF)
     OBUF:I->O                 3.272          hijau_out_OBUF (hijau_out)
    ----------------------------------------
    Total                      4.283ns (3.863ns logic, 0.420ns route)
                                       (90.2% logic, 9.8% route)

=========================================================================
Timing constraint: Default OFFSET OUT AFTER for Clock 'clk'
  Total number of paths / destination ports: 1 / 1
-------------------------------------------------------------------------
Offset:              4.394ns (Levels of Logic = 1)
  Source:            sInv (FF)
  Destination:       tick (PAD)
  Source Clock:      clk rising

  Data Path: sInv to tick
                                Gate     Net
    Cell:in->out      fanout   Delay   Delay  Logical Name (Net Name)
    ----------------------------------------  ------------
     FDE:C->Q              3   0.591   0.531  sInv (sInv)
     OBUF:I->O                 3.272          tick_OBUF (tick)
    ----------------------------------------
    Total                      4.394ns (3.863ns logic, 0.531ns route)
                                       (87.9% logic, 12.1% route)

=========================================================================


Total REAL time to Xst completion: 3.00 secs
Total CPU time to Xst completion: 3.01 secs
 
--> 


Total memory usage is 174360 kilobytes

Number of errors   :    0 (   0 filtered)
Number of warnings :    0 (   0 filtered)
Number of infos    :    0 (   0 filtered)

